2018-08-29 17:14:32,229 - Driver - INFO - 打开谷歌浏览器
2018-08-29 17:14:32,230 - Driver - INFO - 隐式等待元素时间为：15
2018-08-29 17:14:34,664 - Page - INFO - 浏览器中输入域名：https://course.beta.e-ducation.cn/
2018-08-29 17:14:48,752 - courseDetail - INFO - 实际文本：内容，预期文本：内容
2018-08-29 17:14:48,752 - courseDetail - INFO - 实际文本：内容，预期文本：内容
2018-08-29 17:14:48,752 - courseDetail - INFO - 实际文本：内容
>
页面，预期文本：内容
>
页面
2018-08-29 17:14:48,752 - courseDetail - INFO - 实际文本：内容
>
页面，预期文本：内容
>
页面
2018-08-29 17:14:48,752 - courseDetail - INFO - 实际文本：在线查看，预期文本：在线查看
2018-08-29 17:14:48,752 - courseDetail - INFO - 实际文本：在线查看，预期文本：在线查看
2018-08-29 17:14:48,753 - courseDetail - INFO - 实际文本：注意：页面公开可见。如果用户访问链接即可看到页面，即使他们尚未注册或者登录课程。，预期文本：注意：页面公开可见。如果用户访问链接即可看到页面，即使他们尚未注册或者登录课程。
2018-08-29 17:14:48,753 - courseDetail - INFO - 实际文本：注意：页面公开可见。如果用户访问链接即可看到页面，即使他们尚未注册或者登录课程。，预期文本：注意：页面公开可见。如果用户访问链接即可看到页面，即使他们尚未注册或者登录课程。
2018-08-29 17:14:48,753 - courseDetail - INFO - 实际文本：主页，预期文本：主页
2018-08-29 17:14:48,753 - courseDetail - INFO - 实际文本：主页，预期文本：主页
2018-08-29 17:14:48,753 - courseDetail - INFO - 实际文本：课程，预期文本：课程
2018-08-29 17:14:48,753 - courseDetail - INFO - 实际文本：课程，预期文本：课程
2018-08-29 17:14:48,753 - courseDetail - INFO - 实际文本：讨论，预期文本：讨论
2018-08-29 17:14:48,753 - courseDetail - INFO - 实际文本：讨论，预期文本：讨论
2018-08-29 17:14:48,754 - courseDetail - INFO - 实际文本：Wiki，预期文本：Wiki
2018-08-29 17:14:48,754 - courseDetail - INFO - 实际文本：Wiki，预期文本：Wiki
2018-08-29 17:14:48,754 - courseDetail - INFO - 实际文本：进度，预期文本：进度
2018-08-29 17:14:48,754 - courseDetail - INFO - 实际文本：进度，预期文本：进度
2018-08-29 17:14:48,754 - courseDetail - INFO - 实际文本：什么是页面？，预期文本：什么是页面？
2018-08-29 17:14:48,754 - courseDetail - INFO - 实际文本：什么是页面？，预期文本：什么是页面？
2018-08-29 17:14:48,754 - courseDetail - INFO - 实际文本：页面在您课程页面的顶端水平展开。默认页面（主页、课程、讨论、课程百科和进度）的后面是教材页面和您创建的自定义页面。，预期文本：页面在您课程页面的顶端水平展开。默认页面（主页、课程、讨论、课程百科和进度）的后面是教材页面和您创建的自定义页面。
2018-08-29 17:14:48,754 - courseDetail - INFO - 实际文本：页面在您课程页面的顶端水平展开。默认页面（主页、课程、讨论、课程百科和进度）的后面是教材页面和您创建的自定义页面。，预期文本：页面在您课程页面的顶端水平展开。默认页面（主页、课程、讨论、课程百科和进度）的后面是教材页面和您创建的自定义页面。
2018-08-29 17:14:48,754 - courseDetail - INFO - 实际文本：自定义页面，预期文本：自定义页面
2018-08-29 17:14:48,754 - courseDetail - INFO - 实际文本：自定义页面，预期文本：自定义页面
2018-08-29 17:14:48,755 - courseDetail - INFO - 实际文本：您可以创建和编辑个性化页面，为学员提供额外的课程内容。例如，您可以创建评分政策、课程幻灯片和课程日历的自定义页面。，预期文本：您可以创建和编辑个性化页面，为学员提供额外的课程内容。例如，您可以创建评分政策、课程幻灯片和课程日历的自定义页面。
2018-08-29 17:14:48,755 - courseDetail - INFO - 实际文本：您可以创建和编辑个性化页面，为学员提供额外的课程内容。例如，您可以创建评分政策、课程幻灯片和课程日历的自定义页面。，预期文本：您可以创建和编辑个性化页面，为学员提供额外的课程内容。例如，您可以创建评分政策、课程幻灯片和课程日历的自定义页面。
2018-08-29 17:14:48,755 - courseDetail - INFO - 实际文本：在课程中，学员将会看到怎样的页面？，预期文本：在课程中，学员将会看到怎样的页面？
2018-08-29 17:14:48,755 - courseDetail - INFO - 实际文本：在课程中，学员将会看到怎样的页面？，预期文本：在课程中，学员将会看到怎样的页面？
2018-08-29 17:14:48,755 - courseDetail - INFO - 实际文本：学员将在课程上方看到默认页面以及自定义页面，通过点击不同的图标进行导航。
请看例子，预期文本：学员将在课程上方看到默认页面以及自定义页面，通过点击不同的图标进行导航。
请看例子
2018-08-29 17:14:48,755 - courseDetail - INFO - 实际文本：学员将在课程上方看到默认页面以及自定义页面，通过点击不同的图标进行导航。
请看例子，预期文本：学员将在课程上方看到默认页面以及自定义页面，通过点击不同的图标进行导航。
请看例子
2018-08-29 17:14:50,970 - Page - INFO - 关闭浏览器
