2018-08-10 16:52:50,526 - Driver - INFO - 打开谷歌浏览器
2018-08-10 16:52:50,526 - Driver - INFO - 隐式等待元素时间为：15
2018-08-10 16:52:52,508 - Page - INFO - 浏览器中输入域名：https://course.beta.e-ducation.cn/signin
2018-08-10 16:52:56,335 - Page - INFO - course_create模块下的创建课程标题元素可见性为：False
2018-08-10 16:52:57,505 - Page - INFO - course_create模块下的创建课程标题元素可见性为：True
2018-08-10 16:52:57,529 - Page - INFO - course_create模块下的创建课程标题元素可见性为：True
2018-08-10 16:53:02,219 - createCourse - INFO - 实际文本：创建新课程，预期文本：创建新课程
2018-08-10 16:53:02,219 - createCourse - INFO - 实际文本：课程名称，预期文本：课程名称
2018-08-10 16:53:02,219 - createCourse - INFO - 实际文本：例如，计算机科学导论，预期文本：例如，计算机科学导论
2018-08-10 16:53:02,219 - createCourse - INFO - 实际文本：课程的公开显示名称。您可以在“高级设置”中对其进行修改。，预期文本：课程的公开显示名称。您可以在“高级设置”中对其进行修改。
2018-08-10 16:53:02,219 - createCourse - INFO - 实际文本：组织机构，预期文本：组织机构
2018-08-10 16:53:02,219 - createCourse - INFO - 实际文本：例如：XX大学或XX机构，预期文本：例如：XX大学或XX机构
2018-08-10 16:53:02,219 - createCourse - INFO - 实际文本：开设该课程的组织名称。注意：课程网址将包含该组织名称。您可以在“高级设置”中对其进行修改。，预期文本：开设该课程的组织名称。注意：课程网址将包含该组织名称。您可以在“高级设置”中对其进行修改。
2018-08-10 16:53:02,219 - createCourse - INFO - 实际文本：课程编号，预期文本：课程编号
2018-08-10 16:53:02,219 - createCourse - INFO - 实际文本：例如： CS101，预期文本：例如： CS101
2018-08-10 16:53:02,219 - createCourse - INFO - 实际文本：这是组织内该课程的专有编号。注意：课程网址包含该编号，请勿输入空格和特殊字符。该编号不可修改。，预期文本：这是组织内该课程的专有编号。注意：课程网址包含该编号，请勿输入空格和特殊字符。该编号不可修改。
2018-08-10 16:53:02,219 - createCourse - INFO - 实际文本：开课时间，预期文本：开课时间
2018-08-10 16:53:02,219 - createCourse - INFO - 实际文本：例如：2014_T1，预期文本：例如：2014_T1
2018-08-10 16:53:02,219 - createCourse - INFO - 实际文本：课程开课时间。注意：课程网址包含该时间，请勿输入空格和特殊字符。该时间不可修改。，预期文本：课程开课时间。注意：课程网址包含该时间，请勿输入空格和特殊字符。该时间不可修改。
2018-08-10 16:53:02,219 - createCourse - INFO - 实际文本：课程分类，预期文本：课程分类
2018-08-10 16:53:02,219 - createCourse - INFO - 实际文本：+新增分类，预期文本：+新增分类
2018-08-10 16:53:02,219 - createCourse - INFO - 实际文本：创建，预期文本：创建
2018-08-10 16:53:02,219 - createCourse - INFO - 实际文本：取消，预期文本：取消
2018-08-10 16:53:04,606 - Page - INFO - 关闭浏览器
