2018-08-03 12:14:20,007 - Driver - INFO - 打开谷歌浏览器
2018-08-03 12:14:20,009 - Driver - INFO - 隐式等待元素时间为：15
2018-08-03 12:14:23,199 - Page - INFO - 浏览器中输入域名：https://course.beta.e-ducation.cn/signin
2018-08-03 12:14:24,924 - CMSLoginTest - INFO - 实际文本：帮助，预期文本：帮助
2018-08-03 12:14:24,924 - CMSLoginTest - INFO - 实际文本：登录，预期文本：登录
2018-08-03 12:14:24,924 - CMSLoginTest - INFO - 实际文本：登录到课程管理中心，预期文本：登录到课程管理中心
2018-08-03 12:14:24,924 - CMSLoginTest - INFO - 实际文本：邮箱或手机号码，预期文本：邮箱或手机号码
2018-08-03 12:14:24,924 - CMSLoginTest - INFO - 实际文本：例如：username@domain.com或者13800138000，预期文本：例如：username@domain.com或者13800138000
2018-08-03 12:14:24,925 - CMSLoginTest - INFO - 实际文本：密码，预期文本：密码
2018-08-03 12:14:24,925 - CMSLoginTest - INFO - 实际文本：登录到课程管理中心，预期文本：登录到课程管理中心
2018-08-03 12:14:24,925 - CMSLoginTest - INFO - 实际文本：使用验证码登录，预期文本：使用验证码登录
2018-08-03 12:14:24,925 - CMSLoginTest - INFO - 实际文本：© 2018 英荔教育.，预期文本：© 2018 英荔教育.
2018-08-03 12:14:24,925 - CMSLoginTest - INFO - 实际文本：EdX、Open edX、Studio和 edX、Open edX 图标是 edX 公司的（注册）商标。，预期文本：EdX、Open edX、Studio和 edX、Open edX 图标是 edX 公司的（注册）商标。
2018-08-03 12:14:28,118 - Page - INFO - 关闭浏览器
2018-08-03 12:14:33,386 - Driver - INFO - 打开谷歌浏览器
2018-08-03 12:14:33,387 - Driver - INFO - 隐式等待元素时间为：15
2018-08-03 12:14:35,414 - Page - INFO - 浏览器中输入域名：https://course.beta.e-ducation.cn/signin
2018-08-03 12:14:35,414 - Excel - INFO - 加载login/cmsloginexcel表
2018-08-03 12:14:35,559 - Excel - INFO - 读取EXCEL表中的数据：[{'': '账号为空', 'description': '账号和密码不能为空', 'serial_number': 'login100001', 'password': '', 'expected_result': '', 'username': ''}, {'': '密码为空', 'description': '账号和密码不能为空', 'serial_number': 'login100002', 'password': '', 'expected_result': '', 'username': 'ladmin04@lmy.cn'}, {'': '账号不正确', 'description': '账号或密码错误。', 'serial_number': 'login100003', 'password': 1, 'expected_result': '', 'username': 'lmy@1'}, {'': '密码错误', 'description': '账号或密码错误。', 'serial_number': 'login100004', 'password': 123, 'expected_result': '', 'username': 'ladmin04@lmy.cn'}, {'': '学员账号', 'description': '非常抱歉，该账户尚未被授予登录权限。', 'serial_number': 'login100005', 'password': 123456, 'expected_result': '', 'username': 'cs004@auto.cn'}]
2018-08-03 12:14:35,559 - CMSLoginTest - INFO - 用例开始》本次用例编号login100001
2018-08-03 12:14:38,532 - CMSLoginTest - INFO - 用例结束《
2018-08-03 12:14:38,532 - CMSLoginTest - INFO - 用例开始》本次用例编号login100002
2018-08-03 12:14:41,498 - CMSLoginTest - INFO - 用例结束《
2018-08-03 12:14:41,498 - CMSLoginTest - INFO - 用例开始》本次用例编号login100003
2018-08-03 12:14:44,399 - CMSLoginTest - INFO - 用例结束《
2018-08-03 12:14:44,399 - CMSLoginTest - INFO - 用例开始》本次用例编号login100004
2018-08-03 12:14:47,348 - CMSLoginTest - INFO - 用例结束《
2018-08-03 12:14:47,348 - CMSLoginTest - INFO - 用例开始》本次用例编号login100005
2018-08-03 12:14:50,290 - CMSLoginTest - INFO - 用例结束《
2018-08-03 12:14:53,414 - Page - INFO - 关闭浏览器
2018-08-03 12:14:58,677 - Driver - INFO - 打开谷歌浏览器
2018-08-03 12:14:58,678 - Driver - INFO - 隐式等待元素时间为：15
2018-08-03 12:15:01,105 - Page - INFO - 浏览器中输入域名：https://course.beta.e-ducation.cn/signin
2018-08-03 12:15:05,181 - Page - INFO - 登录 btn is good
2018-08-03 12:15:05,181 - Page - INFO - 登录 btn is good
2018-08-03 12:15:05,181 - CMSLoginTest - INFO - 登录成功
2018-08-03 12:15:08,322 - Page - INFO - 关闭浏览器
