2018-08-10 16:23:18,611 - Driver - INFO - 打开谷歌浏览器
2018-08-10 16:23:18,611 - Driver - INFO - 隐式等待元素时间为：15
2018-08-10 16:23:20,342 - Page - INFO - 浏览器中输入域名：https://course.beta.e-ducation.cn/signin
2018-08-10 16:23:24,219 - Page - INFO - cms_list模块下的创建新课程元素可见性为：False
2018-08-10 16:23:25,432 - Page - INFO - cms_list模块下的创建新课程元素可见性为：True
2018-08-10 16:23:25,449 - Page - INFO - cms_list模块下的创建新课程元素可见性为：True
2018-08-10 16:23:30,161 - createCourse - INFO - 实际文本：创建新课程，预期文本：创建新课程
2018-08-10 16:23:30,162 - createCourse - INFO - 实际文本：课程名称，预期文本：课程名称
2018-08-10 16:23:30,162 - createCourse - INFO - 实际文本：例如，计算机科学导论，预期文本：例如，计算机科学导论
2018-08-10 16:23:30,163 - createCourse - INFO - 实际文本：课程的公开显示名称。您可以在“高级设置”中对其进行修改。，预期文本：课程的公开显示名称。您可以在“高级设置”中对其进行修改。
2018-08-10 16:23:30,163 - createCourse - INFO - 实际文本：组织机构，预期文本：组织机构
2018-08-10 16:23:30,163 - createCourse - INFO - 实际文本：例如：XX大学或XX机构，预期文本：例如：XX大学或XX机构
2018-08-10 16:23:30,163 - createCourse - INFO - 实际文本：开设该课程的组织名称。注意：课程网址将包含该组织名称。您可以在“高级设置”中对其进行修改。，预期文本：开设该课程的组织名称。注意：课程网址将包含该组织名称。您可以在“高级设置”中对其进行修改。
2018-08-10 16:23:30,163 - createCourse - INFO - 实际文本：课程编号，预期文本：课程编号
2018-08-10 16:23:30,164 - createCourse - INFO - 实际文本：例如： CS101，预期文本：例如： CS101
2018-08-10 16:23:30,164 - createCourse - INFO - 实际文本：这是组织内该课程的专有编号。注意：课程网址包含该编号，请勿输入空格和特殊字符。该编号不可修改。，预期文本：这是组织内该课程的专有编号。注意：课程网址包含该编号，请勿输入空格和特殊字符。该编号不可修改。
2018-08-10 16:23:30,164 - createCourse - INFO - 实际文本：开课时间，预期文本：开课时间
2018-08-10 16:23:30,164 - createCourse - INFO - 实际文本：例如：2014_T1，预期文本：例如：2014_T1
2018-08-10 16:23:30,164 - createCourse - INFO - 实际文本：课程开课时间。注意：课程网址包含该时间，请勿输入空格和特殊字符。该时间不可修改。，预期文本：课程开课时间。注意：课程网址包含该时间，请勿输入空格和特殊字符。该时间不可修改。
2018-08-10 16:23:30,164 - createCourse - INFO - 实际文本：课程分类，预期文本：课程分类
2018-08-10 16:23:30,165 - createCourse - INFO - 实际文本：+新增分类，预期文本：+新增分类
2018-08-10 16:23:30,165 - createCourse - INFO - 实际文本：创建，预期文本：创建
2018-08-10 16:23:30,165 - createCourse - INFO - 实际文本：取消，预期文本：取消
2018-08-10 16:23:32,803 - Page - INFO - 关闭浏览器
2018-08-10 16:23:52,887 - Driver - INFO - 打开谷歌浏览器
2018-08-10 16:23:52,887 - Driver - INFO - 隐式等待元素时间为：15
2018-08-10 16:23:54,617 - Page - INFO - 浏览器中输入域名：https://course.beta.e-ducation.cn/signin
2018-08-10 16:23:58,464 - Page - INFO - cms_list模块下的创建新课程元素可见性为：False
2018-08-10 16:23:59,679 - Page - INFO - cms_list模块下的创建新课程元素可见性为：True
2018-08-10 16:23:59,694 - Page - INFO - cms_list模块下的创建新课程元素可见性为：True
2018-08-10 16:24:04,366 - createCourse - INFO - 实际文本：创建新课程，预期文本：创建新课程
2018-08-10 16:24:04,366 - createCourse - INFO - 实际文本：课程名称，预期文本：课程名称
2018-08-10 16:24:04,366 - createCourse - INFO - 实际文本：例如，计算机科学导论，预期文本：例如，计算机科学导论
2018-08-10 16:24:04,366 - createCourse - INFO - 实际文本：课程的公开显示名称。您可以在“高级设置”中对其进行修改。，预期文本：课程的公开显示名称。您可以在“高级设置”中对其进行修改。
2018-08-10 16:24:04,366 - createCourse - INFO - 实际文本：组织机构，预期文本：组织机构
2018-08-10 16:24:04,366 - createCourse - INFO - 实际文本：例如：XX大学或XX机构，预期文本：例如：XX大学或XX机构
2018-08-10 16:24:04,366 - createCourse - INFO - 实际文本：开设该课程的组织名称。注意：课程网址将包含该组织名称。您可以在“高级设置”中对其进行修改。，预期文本：开设该课程的组织名称。注意：课程网址将包含该组织名称。您可以在“高级设置”中对其进行修改。
2018-08-10 16:24:04,366 - createCourse - INFO - 实际文本：课程编号，预期文本：课程编号
2018-08-10 16:24:04,366 - createCourse - INFO - 实际文本：例如： CS101，预期文本：例如： CS101
2018-08-10 16:24:04,366 - createCourse - INFO - 实际文本：这是组织内该课程的专有编号。注意：课程网址包含该编号，请勿输入空格和特殊字符。该编号不可修改。，预期文本：这是组织内该课程的专有编号。注意：课程网址包含该编号，请勿输入空格和特殊字符。该编号不可修改。
2018-08-10 16:24:04,366 - createCourse - INFO - 实际文本：开课时间，预期文本：开课时间
2018-08-10 16:24:04,366 - createCourse - INFO - 实际文本：例如：2014_T1，预期文本：例如：2014_T1
2018-08-10 16:24:04,366 - createCourse - INFO - 实际文本：课程开课时间。注意：课程网址包含该时间，请勿输入空格和特殊字符。该时间不可修改。，预期文本：课程开课时间。注意：课程网址包含该时间，请勿输入空格和特殊字符。该时间不可修改。
2018-08-10 16:24:04,366 - createCourse - INFO - 实际文本：课程分类，预期文本：课程分类
2018-08-10 16:24:04,366 - createCourse - INFO - 实际文本：+新增分类，预期文本：+新增分类
2018-08-10 16:24:04,366 - createCourse - INFO - 实际文本：创建，预期文本：创建
2018-08-10 16:24:04,366 - createCourse - INFO - 实际文本：取消，预期文本：取消
2018-08-10 16:24:06,814 - Page - INFO - 关闭浏览器
