2018-07-27 19:12:30,903 - Driver - INFO - 打开谷歌浏览器
2018-07-27 19:12:30,905 - Driver - INFO - 隐式等待元素时间为：15
2018-07-27 19:12:33,485 - Page - INFO - 浏览器中输入域名：https://course.beta.e-ducation.cn/signin
2018-07-27 19:12:35,211 - CMSLoginTest - INFO - 实际文本：帮助，预期文本：帮助
2018-07-27 19:12:35,211 - CMSLoginTest - INFO - 实际文本：登录，预期文本：登录
2018-07-27 19:12:35,211 - CMSLoginTest - INFO - 实际文本：登录到课程管理中心，预期文本：登录到课程管理中心
2018-07-27 19:12:35,211 - CMSLoginTest - INFO - 实际文本：邮箱或手机号码，预期文本：邮箱或手机号码
2018-07-27 19:12:35,211 - CMSLoginTest - INFO - 实际文本：例如：username@domain.com或者13800138000，预期文本：例如：username@domain.com或者13800138000
2018-07-27 19:12:35,212 - CMSLoginTest - INFO - 实际文本：密码，预期文本：密码
2018-07-27 19:12:35,212 - CMSLoginTest - INFO - 实际文本：登录到课程管理中心，预期文本：登录到课程管理中心
2018-07-27 19:12:35,212 - CMSLoginTest - INFO - 实际文本：使用验证码登录，预期文本：使用验证码登录
2018-07-27 19:12:35,212 - CMSLoginTest - INFO - 实际文本：© 2018 英荔教育.，预期文本：© 2018 英荔教育.
2018-07-27 19:12:35,213 - CMSLoginTest - INFO - 实际文本：EdX、Open edX、Studio和 edX、Open edX 图标是 edX 公司的（注册）商标。，预期文本：EdX、Open edX、Studio和 edX、Open edX 图标是 edX 公司的（注册）商标。
2018-07-27 19:12:38,285 - Page - INFO - 关闭浏览器
2018-07-27 19:12:44,311 - Driver - INFO - 打开谷歌浏览器
2018-07-27 19:12:44,312 - Driver - INFO - 隐式等待元素时间为：15
2018-07-27 19:12:46,499 - Page - INFO - 浏览器中输入域名：https://course.beta.e-ducation.cn/signin
2018-07-27 19:12:46,500 - Excel - INFO - 加载login/cmsloginexcel表
2018-07-27 19:12:46,517 - Excel - INFO - 读取EXCEL表中的数据：[{'': '账号为空', 'description': '账号和密码不能为空', 'expected_result': '', 'serial_number': 'login100001', 'username': '', 'password': ''}, {'': '密码为空', 'description': '账号和密码不能为空', 'expected_result': '', 'serial_number': 'login100002', 'username': 'ladmin04@lmy.cn', 'password': ''}, {'': '账号不正确', 'description': '账号或密码错误。', 'expected_result': '', 'serial_number': 'login100003', 'username': 'lmy@1', 'password': 1}, {'': '密码错误', 'description': '账号或密码错误。1', 'expected_result': '', 'serial_number': 'login100004', 'username': 'ladmin04@lmy.cn', 'password': 123}, {'': '学员账号', 'description': '非常抱歉，该账户尚未被授予登录权限。', 'expected_result': '', 'serial_number': 'login100005', 'username': 'cs004@auto.cn', 'password': 123456}, {'': '助教账号', 'description': 111, 'expected_result': '', 'serial_number': 'login100006', 'username': 'cs003@auto.cn', 'password': 123456}]
2018-07-27 19:12:46,518 - CMSLoginTest - INFO - 用例开始》本次用例编号login100001
2018-07-27 19:12:49,530 - CMSLoginTest - INFO - 用例结束《
2018-07-27 19:12:49,530 - CMSLoginTest - INFO - 用例开始》本次用例编号login100002
2018-07-27 19:12:52,480 - CMSLoginTest - INFO - 用例结束《
2018-07-27 19:12:52,480 - CMSLoginTest - INFO - 用例开始》本次用例编号login100003
2018-07-27 19:12:55,404 - CMSLoginTest - INFO - 用例结束《
2018-07-27 19:12:55,404 - CMSLoginTest - INFO - 用例开始》本次用例编号login100004
2018-07-27 19:12:58,406 - CMSLoginTest - ERROR - ********用例执行错误*********
错误原因：'账号或密码错误。' != '账号或密码错误。1'
- 账号或密码错误。
+ 账号或密码错误。1
?         +

2018-07-27 19:12:58,406 - CMSLoginTest - INFO - 用例结束《
2018-07-27 19:12:58,406 - CMSLoginTest - INFO - 用例开始》本次用例编号login100005
2018-07-27 19:13:01,364 - CMSLoginTest - INFO - 用例结束《
2018-07-27 19:13:01,364 - CMSLoginTest - INFO - 用例开始》本次用例编号login100006
2018-07-27 19:13:05,819 - CMSLoginTest - ERROR - ********用例执行错误*********
错误原因：None != 111
2018-07-27 19:13:08,970 - Page - INFO - 关闭浏览器
