2018-09-25 16:03:40,951 - Driver - INFO - 打开谷歌浏览器
2018-09-25 16:03:40,952 - Driver - INFO - 隐式等待元素时间为：15
2018-09-25 16:03:44,337 - Page - INFO - 浏览器中输入域名：https://course.beta.e-ducation.cn/
2018-09-25 16:03:49,069 - CMSLoginTest - INFO - 实际文本：帮助，预期文本：帮助
2018-09-25 16:03:49,069 - CMSLoginTest - INFO - 实际文本：登录，预期文本：登录
2018-09-25 16:03:49,069 - CMSLoginTest - INFO - 实际文本：登录到课程管理中心，预期文本：登录到课程管理中心
2018-09-25 16:03:49,069 - CMSLoginTest - INFO - 实际文本：邮箱或手机号码，预期文本：邮箱或手机号码
2018-09-25 16:03:49,069 - CMSLoginTest - INFO - 实际文本：例如：username@domain.com或者13800138000，预期文本：例如：username@domain.com或者13800138000
2018-09-25 16:03:49,070 - CMSLoginTest - INFO - 实际文本：密码，预期文本：密码
2018-09-25 16:03:49,070 - CMSLoginTest - INFO - 实际文本：登录到课程管理中心，预期文本：登录到课程管理中心
2018-09-25 16:03:49,070 - CMSLoginTest - INFO - 实际文本：使用验证码登录，预期文本：使用验证码登录
2018-09-25 16:03:49,070 - CMSLoginTest - INFO - 实际文本：© 2018 英荔教育.，预期文本：© 2018 英荔教育.
2018-09-25 16:03:49,070 - CMSLoginTest - INFO - 实际文本：EdX、Open edX、Studio和 edX、Open edX 图标是 edX 公司的（注册）商标。，预期文本：EdX、Open edX、Studio和 edX、Open edX 图标是 edX 公司的（注册）商标。
2018-09-25 16:03:51,227 - Page - INFO - 关闭浏览器
2018-09-25 16:03:54,007 - Driver - INFO - 打开谷歌浏览器
2018-09-25 16:03:54,009 - Driver - INFO - 隐式等待元素时间为：15
2018-09-25 16:03:57,382 - Page - INFO - 浏览器中输入域名：https://course.beta.e-ducation.cn/
2018-09-25 16:03:57,383 - Excel - INFO - 加载login/cmsloginexcel表
2018-09-25 16:03:57,562 - Excel - INFO - 读取EXCEL表中的数据：[{'serial_number': 'login100001', 'expected_result': '', 'password': '', '': '账号为空', 'description': '账号和密码不能为空', 'username': ''}, {'serial_number': 'login100002', 'expected_result': '', 'password': '', '': '密码为空', 'description': '账号和密码不能为空', 'username': 'ladmin04@lmy.cn'}, {'serial_number': 'login100003', 'expected_result': '', 'password': 1, '': '账号不正确', 'description': '账号或密码错误。', 'username': 'lmy@1'}, {'serial_number': 'login100004', 'expected_result': '', 'password': 123, '': '密码错误', 'description': '账号或密码错误。', 'username': 'ladmin04@lmy.cn'}, {'serial_number': 'login100005', 'expected_result': '', 'password': 123456, '': '学员账号', 'description': '非常抱歉，该账户尚未被授予登录权限。', 'username': 'cs004@auto.cn'}]
2018-09-25 16:03:57,563 - CMSLoginTest - INFO - 用例开始》本次用例编号login100001
2018-09-25 16:04:03,245 - CMSLoginTest - INFO - 用例结束《
2018-09-25 16:04:03,245 - CMSLoginTest - INFO - 用例开始》本次用例编号login100002
2018-09-25 16:04:09,103 - CMSLoginTest - INFO - 用例结束《
2018-09-25 16:04:09,103 - CMSLoginTest - INFO - 用例开始》本次用例编号login100003
2018-09-25 16:04:13,609 - CMSLoginTest - INFO - 用例结束《
2018-09-25 16:04:13,609 - CMSLoginTest - INFO - 用例开始》本次用例编号login100004
2018-09-25 16:04:19,351 - CMSLoginTest - INFO - 用例结束《
2018-09-25 16:04:19,351 - CMSLoginTest - INFO - 用例开始》本次用例编号login100005
2018-09-25 16:04:23,948 - CMSLoginTest - INFO - 用例结束《
2018-09-25 16:04:26,139 - Page - INFO - 关闭浏览器
2018-09-25 16:04:28,380 - Driver - INFO - 打开谷歌浏览器
2018-09-25 16:04:28,381 - Driver - INFO - 隐式等待元素时间为：15
2018-09-25 16:04:32,102 - Page - INFO - 浏览器中输入域名：https://course.beta.e-ducation.cn/
2018-09-25 16:04:38,143 - Page - INFO - 登录 btn is good
2018-09-25 16:04:38,143 - Page - INFO - 登录 btn is good
2018-09-25 16:04:38,143 - CMSLoginTest - INFO - 登录成功
2018-09-25 16:04:40,307 - Page - INFO - 关闭浏览器
2018-09-25 16:04:42,455 - Driver - INFO - 打开谷歌浏览器
2018-09-25 16:04:42,457 - Driver - INFO - 隐式等待元素时间为：15
2018-09-25 16:05:13,395 - Page - INFO - 浏览器中输入域名：https://course.beta.e-ducation.cn/
2018-09-25 16:05:18,803 - Page - INFO - course_create模块下的创建课程标题元素可见性为：False
2018-09-25 16:05:20,019 - Page - INFO - course_create模块下的创建课程标题元素可见性为：True
2018-09-25 16:05:20,045 - Page - INFO - course_create模块下的创建课程标题元素可见性为：True
2018-09-25 16:05:25,039 - Page - INFO - course_create模块下的重复提示元素可见性为：False
2018-09-25 16:05:30,061 - createCourse - INFO - 创建课程成功
2018-09-25 16:05:30,061 - createCourse - INFO - 创建课程成功
2018-09-25 16:05:32,200 - Page - INFO - 关闭浏览器
2018-09-25 16:05:34,321 - Driver - INFO - 打开谷歌浏览器
2018-09-25 16:05:34,323 - Driver - INFO - 隐式等待元素时间为：15
2018-09-25 16:05:36,713 - Page - INFO - 浏览器中输入域名：https://course.beta.e-ducation.cn/
2018-09-25 16:05:41,931 - Page - INFO - course_create模块下的创建课程标题元素可见性为：False
2018-09-25 16:05:43,075 - Page - INFO - course_create模块下的创建课程标题元素可见性为：True
2018-09-25 16:05:43,117 - Page - INFO - course_create模块下的创建课程标题元素可见性为：True
2018-09-25 16:05:50,245 - createCourse - INFO - 实际文本：创建新课程，预期文本：创建新课程
2018-09-25 16:05:50,245 - createCourse - INFO - 实际文本：创建新课程，预期文本：创建新课程
2018-09-25 16:05:50,245 - createCourse - INFO - 实际文本：课程名称，预期文本：课程名称
2018-09-25 16:05:50,245 - createCourse - INFO - 实际文本：课程名称，预期文本：课程名称
2018-09-25 16:05:50,246 - createCourse - INFO - 实际文本：例如，计算机科学导论，预期文本：例如，计算机科学导论
2018-09-25 16:05:50,246 - createCourse - INFO - 实际文本：例如，计算机科学导论，预期文本：例如，计算机科学导论
2018-09-25 16:05:50,248 - createCourse - INFO - 实际文本：课程的公开显示名称。您可以在“高级设置”中对其进行修改。，预期文本：课程的公开显示名称。您可以在“高级设置”中对其进行修改。
2018-09-25 16:05:50,248 - createCourse - INFO - 实际文本：课程的公开显示名称。您可以在“高级设置”中对其进行修改。，预期文本：课程的公开显示名称。您可以在“高级设置”中对其进行修改。
2018-09-25 16:05:50,249 - createCourse - INFO - 实际文本：组织机构，预期文本：组织机构
2018-09-25 16:05:50,249 - createCourse - INFO - 实际文本：组织机构，预期文本：组织机构
2018-09-25 16:05:50,249 - createCourse - INFO - 实际文本：例如：XX大学或XX机构，预期文本：例如：XX大学或XX机构
2018-09-25 16:05:50,249 - createCourse - INFO - 实际文本：例如：XX大学或XX机构，预期文本：例如：XX大学或XX机构
2018-09-25 16:05:50,250 - createCourse - INFO - 实际文本：开设该课程的组织名称。注意：课程网址将包含该组织名称。您可以在“高级设置”中对其进行修改。，预期文本：开设该课程的组织名称。注意：课程网址将包含该组织名称。您可以在“高级设置”中对其进行修改。
2018-09-25 16:05:50,250 - createCourse - INFO - 实际文本：开设该课程的组织名称。注意：课程网址将包含该组织名称。您可以在“高级设置”中对其进行修改。，预期文本：开设该课程的组织名称。注意：课程网址将包含该组织名称。您可以在“高级设置”中对其进行修改。
2018-09-25 16:05:50,251 - createCourse - INFO - 实际文本：课程编号，预期文本：课程编号
2018-09-25 16:05:50,251 - createCourse - INFO - 实际文本：课程编号，预期文本：课程编号
2018-09-25 16:05:50,251 - createCourse - INFO - 实际文本：例如： CS101，预期文本：例如： CS101
2018-09-25 16:05:50,251 - createCourse - INFO - 实际文本：例如： CS101，预期文本：例如： CS101
2018-09-25 16:05:50,252 - createCourse - INFO - 实际文本：这是组织内该课程的专有编号。注意：课程网址包含该编号，请勿输入空格和特殊字符。该编号不可修改。，预期文本：这是组织内该课程的专有编号。注意：课程网址包含该编号，请勿输入空格和特殊字符。该编号不可修改。
2018-09-25 16:05:50,252 - createCourse - INFO - 实际文本：这是组织内该课程的专有编号。注意：课程网址包含该编号，请勿输入空格和特殊字符。该编号不可修改。，预期文本：这是组织内该课程的专有编号。注意：课程网址包含该编号，请勿输入空格和特殊字符。该编号不可修改。
2018-09-25 16:05:50,252 - createCourse - INFO - 实际文本：开课时间，预期文本：开课时间
2018-09-25 16:05:50,252 - createCourse - INFO - 实际文本：开课时间，预期文本：开课时间
2018-09-25 16:05:50,253 - createCourse - INFO - 实际文本：例如：2014_T1，预期文本：例如：2014_T1
2018-09-25 16:05:50,253 - createCourse - INFO - 实际文本：例如：2014_T1，预期文本：例如：2014_T1
2018-09-25 16:05:50,253 - createCourse - INFO - 实际文本：课程开课时间。注意：课程网址包含该时间，请勿输入空格和特殊字符。该时间不可修改。，预期文本：课程开课时间。注意：课程网址包含该时间，请勿输入空格和特殊字符。该时间不可修改。
2018-09-25 16:05:50,253 - createCourse - INFO - 实际文本：课程开课时间。注意：课程网址包含该时间，请勿输入空格和特殊字符。该时间不可修改。，预期文本：课程开课时间。注意：课程网址包含该时间，请勿输入空格和特殊字符。该时间不可修改。
2018-09-25 16:05:50,254 - createCourse - INFO - 实际文本：课程分类，预期文本：课程分类
2018-09-25 16:05:50,254 - createCourse - INFO - 实际文本：课程分类，预期文本：课程分类
2018-09-25 16:05:50,255 - createCourse - INFO - 实际文本：+新增分类，预期文本：+新增分类
2018-09-25 16:05:50,255 - createCourse - INFO - 实际文本：+新增分类，预期文本：+新增分类
2018-09-25 16:05:50,256 - createCourse - INFO - 实际文本：创建，预期文本：创建
2018-09-25 16:05:50,256 - createCourse - INFO - 实际文本：创建，预期文本：创建
2018-09-25 16:05:50,257 - createCourse - INFO - 实际文本：取消，预期文本：取消
2018-09-25 16:05:50,257 - createCourse - INFO - 实际文本：取消，预期文本：取消
2018-09-25 16:05:52,410 - Page - INFO - 关闭浏览器
2018-09-25 16:05:54,647 - Driver - INFO - 打开谷歌浏览器
2018-09-25 16:05:54,648 - Driver - INFO - 隐式等待元素时间为：15
2018-09-25 16:05:57,322 - Page - INFO - 浏览器中输入域名：https://course.beta.e-ducation.cn/
2018-09-25 16:06:12,647 - courseDetail - INFO - 实际文本：内容，预期文本：内容
2018-09-25 16:06:12,647 - courseDetail - INFO - 实际文本：内容，预期文本：内容
2018-09-25 16:06:12,648 - courseDetail - INFO - 实际文本：内容
>
页面，预期文本：内容
>
页面
2018-09-25 16:06:12,648 - courseDetail - INFO - 实际文本：内容
>
页面，预期文本：内容
>
页面
2018-09-25 16:06:12,648 - courseDetail - INFO - 实际文本：在线查看，预期文本：在线查看
2018-09-25 16:06:12,648 - courseDetail - INFO - 实际文本：在线查看，预期文本：在线查看
2018-09-25 16:06:12,649 - courseDetail - INFO - 实际文本：注意：页面公开可见。如果用户访问链接即可看到页面，即使他们尚未注册或者登录课程。，预期文本：注意：页面公开可见。如果用户访问链接即可看到页面，即使他们尚未注册或者登录课程。
2018-09-25 16:06:12,649 - courseDetail - INFO - 实际文本：注意：页面公开可见。如果用户访问链接即可看到页面，即使他们尚未注册或者登录课程。，预期文本：注意：页面公开可见。如果用户访问链接即可看到页面，即使他们尚未注册或者登录课程。
2018-09-25 16:06:12,649 - courseDetail - INFO - 实际文本：主页，预期文本：主页
2018-09-25 16:06:12,649 - courseDetail - INFO - 实际文本：主页，预期文本：主页
2018-09-25 16:06:12,650 - courseDetail - INFO - 实际文本：课程，预期文本：课程
2018-09-25 16:06:12,650 - courseDetail - INFO - 实际文本：课程，预期文本：课程
2018-09-25 16:06:12,650 - courseDetail - INFO - 实际文本：讨论，预期文本：讨论
2018-09-25 16:06:12,650 - courseDetail - INFO - 实际文本：讨论，预期文本：讨论
2018-09-25 16:06:12,651 - courseDetail - INFO - 实际文本：Wiki，预期文本：Wiki
2018-09-25 16:06:12,651 - courseDetail - INFO - 实际文本：Wiki，预期文本：Wiki
2018-09-25 16:06:12,651 - courseDetail - INFO - 实际文本：进度，预期文本：进度
2018-09-25 16:06:12,651 - courseDetail - INFO - 实际文本：进度，预期文本：进度
2018-09-25 16:06:12,652 - courseDetail - INFO - 实际文本：什么是页面？，预期文本：什么是页面？
2018-09-25 16:06:12,652 - courseDetail - INFO - 实际文本：什么是页面？，预期文本：什么是页面？
2018-09-25 16:06:12,652 - courseDetail - INFO - 实际文本：页面在您课程页面的顶端水平展开。默认页面（主页、课程、讨论、课程百科和进度）的后面是教材页面和您创建的自定义页面。，预期文本：页面在您课程页面的顶端水平展开。默认页面（主页、课程、讨论、课程百科和进度）的后面是教材页面和您创建的自定义页面。
2018-09-25 16:06:12,652 - courseDetail - INFO - 实际文本：页面在您课程页面的顶端水平展开。默认页面（主页、课程、讨论、课程百科和进度）的后面是教材页面和您创建的自定义页面。，预期文本：页面在您课程页面的顶端水平展开。默认页面（主页、课程、讨论、课程百科和进度）的后面是教材页面和您创建的自定义页面。
2018-09-25 16:06:12,653 - courseDetail - INFO - 实际文本：自定义页面，预期文本：自定义页面
2018-09-25 16:06:12,653 - courseDetail - INFO - 实际文本：自定义页面，预期文本：自定义页面
2018-09-25 16:06:12,655 - courseDetail - INFO - 实际文本：您可以创建和编辑个性化页面，为学员提供额外的课程内容。例如，您可以创建评分政策、课程幻灯片和课程日历的自定义页面。，预期文本：您可以创建和编辑个性化页面，为学员提供额外的课程内容。例如，您可以创建评分政策、课程幻灯片和课程日历的自定义页面。
2018-09-25 16:06:12,655 - courseDetail - INFO - 实际文本：您可以创建和编辑个性化页面，为学员提供额外的课程内容。例如，您可以创建评分政策、课程幻灯片和课程日历的自定义页面。，预期文本：您可以创建和编辑个性化页面，为学员提供额外的课程内容。例如，您可以创建评分政策、课程幻灯片和课程日历的自定义页面。
2018-09-25 16:06:12,656 - courseDetail - INFO - 实际文本：在课程中，学员将会看到怎样的页面？，预期文本：在课程中，学员将会看到怎样的页面？
2018-09-25 16:06:12,656 - courseDetail - INFO - 实际文本：在课程中，学员将会看到怎样的页面？，预期文本：在课程中，学员将会看到怎样的页面？
2018-09-25 16:06:12,656 - courseDetail - INFO - 实际文本：学员将在课程上方看到默认页面以及自定义页面，通过点击不同的图标进行导航。
请看例子，预期文本：学员将在课程上方看到默认页面以及自定义页面，通过点击不同的图标进行导航。
请看例子
2018-09-25 16:06:12,656 - courseDetail - INFO - 实际文本：学员将在课程上方看到默认页面以及自定义页面，通过点击不同的图标进行导航。
请看例子，预期文本：学员将在课程上方看到默认页面以及自定义页面，通过点击不同的图标进行导航。
请看例子
2018-09-25 16:06:14,832 - Page - INFO - 关闭浏览器
2018-09-25 16:06:16,962 - Driver - INFO - 打开谷歌浏览器
2018-09-25 16:06:16,963 - Driver - INFO - 隐式等待元素时间为：15
2018-09-25 16:06:20,991 - Page - INFO - 浏览器中输入域名：https://course.beta.e-ducation.cn/
2018-09-25 16:06:36,701 - courseOutline - INFO - 实际文本：内容
>
课程大纲，预期文本：内容
>
课程大纲
2018-09-25 16:06:36,701 - courseOutline - INFO - 实际文本：内容
>
课程大纲，预期文本：内容
>
课程大纲
2018-09-25 16:06:36,702 - courseOutline - INFO - 实际文本：课程开始日期：，预期文本：课程开始日期：
2018-09-25 16:06:36,702 - courseOutline - INFO - 实际文本：课程开始日期：，预期文本：课程开始日期：
2018-09-25 16:06:36,703 - courseOutline - INFO - 实际文本：添加新章节，预期文本：添加新章节
2018-09-25 16:06:36,703 - courseOutline - INFO - 实际文本：添加新章节，预期文本：添加新章节
2018-09-25 16:06:36,703 - courseOutline - INFO - 实际文本：在线查看，预期文本：在线查看
2018-09-25 16:06:36,703 - courseOutline - INFO - 实际文本：在线查看，预期文本：在线查看
2018-09-25 16:06:36,704 - courseOutline - INFO - 实际文本：创建您课程的结构，预期文本：创建您课程的结构
2018-09-25 16:06:36,704 - courseOutline - INFO - 实际文本：创建您课程的结构，预期文本：创建您课程的结构
2018-09-25 16:06:36,704 - courseOutline - INFO - 实际文本：您可以直接在大纲中添加章、节和单元。，预期文本：您可以直接在大纲中添加章、节和单元。
2018-09-25 16:06:36,704 - courseOutline - INFO - 实际文本：您可以直接在大纲中添加章、节和单元。，预期文本：您可以直接在大纲中添加章、节和单元。
2018-09-25 16:06:36,705 - courseOutline - INFO - 实际文本：创建章后，可在其中添加节和单元。然后在单元内添加课程组件。，预期文本：创建章后，可在其中添加节和单元。然后在单元内添加课程组件。
2018-09-25 16:06:36,705 - courseOutline - INFO - 实际文本：创建章后，可在其中添加节和单元。然后在单元内添加课程组件。，预期文本：创建章后，可在其中添加节和单元。然后在单元内添加课程组件。
2018-09-25 16:06:36,706 - courseOutline - INFO - 实际文本：重新组织您的课程，预期文本：重新组织您的课程
2018-09-25 16:06:36,706 - courseOutline - INFO - 实际文本：重新组织您的课程，预期文本：重新组织您的课程
2018-09-25 16:06:36,706 - courseOutline - INFO - 实际文本：在大纲中将章，节和单元拖动至新的位置。，预期文本：在大纲中将章，节和单元拖动至新的位置。
2018-09-25 16:06:36,706 - courseOutline - INFO - 实际文本：在大纲中将章，节和单元拖动至新的位置。，预期文本：在大纲中将章，节和单元拖动至新的位置。
2018-09-25 16:06:36,707 - courseOutline - INFO - 实际文本：了解更多，预期文本：了解更多
2018-09-25 16:06:36,707 - courseOutline - INFO - 实际文本：了解更多，预期文本：了解更多
2018-09-25 16:06:36,707 - courseOutline - INFO - 实际文本：设置课程开放日期和评分政策，预期文本：设置课程开放日期和评分政策
2018-09-25 16:06:36,707 - courseOutline - INFO - 实际文本：设置课程开放日期和评分政策，预期文本：设置课程开放日期和评分政策
2018-09-25 16:06:36,708 - courseOutline - INFO - 实际文本：选择“设置”图标来为章、节设置开放日期。在设置节时，您还可以设置评分政策及截止日期。，预期文本：选择“设置”图标来为章、节设置开放日期。在设置节时，您还可以设置评分政策及截止日期。
2018-09-25 16:06:36,708 - courseOutline - INFO - 实际文本：选择“设置”图标来为章、节设置开放日期。在设置节时，您还可以设置评分政策及截止日期。，预期文本：选择“设置”图标来为章、节设置开放日期。在设置节时，您还可以设置评分政策及截止日期。
2018-09-25 16:06:36,708 - courseOutline - INFO - 实际文本：了解更多，预期文本：了解更多
2018-09-25 16:06:36,708 - courseOutline - INFO - 实际文本：了解更多，预期文本：了解更多
2018-09-25 16:06:36,709 - courseOutline - INFO - 实际文本：变更学员所见内容，预期文本：变更学员所见内容
2018-09-25 16:06:36,709 - courseOutline - INFO - 实际文本：变更学员所见内容，预期文本：变更学员所见内容
2018-09-25 16:06:36,709 - courseOutline - INFO - 实际文本：请点击章、节或单元中的“发布”图标来发布草稿内容。，预期文本：请点击章、节或单元中的“发布”图标来发布草稿内容。
2018-09-25 16:06:36,709 - courseOutline - INFO - 实际文本：请点击章、节或单元中的“发布”图标来发布草稿内容。，预期文本：请点击章、节或单元中的“发布”图标来发布草稿内容。
2018-09-25 16:06:36,710 - courseOutline - INFO - 实际文本：若要让章、节或单元对学员不可见，选择该层级的“设置”图标，然后选择“对学员隐藏”选项。隐藏后的章、节和单元成绩将不计入总成绩中。，预期文本：若要让章、节或单元对学员不可见，选择该层级的“设置”图标，然后选择“对学员隐藏”选项。隐藏后的章、节和单元成绩将不计入总成绩中。
2018-09-25 16:06:36,710 - courseOutline - INFO - 实际文本：若要让章、节或单元对学员不可见，选择该层级的“设置”图标，然后选择“对学员隐藏”选项。隐藏后的章、节和单元成绩将不计入总成绩中。，预期文本：若要让章、节或单元对学员不可见，选择该层级的“设置”图标，然后选择“对学员隐藏”选项。隐藏后的章、节和单元成绩将不计入总成绩中。
2018-09-25 16:06:36,710 - courseOutline - INFO - 实际文本：截止日期到期后，若要对学员隐藏节内容，请选择该节的“设置”图标，然后选择“截止日期过后隐藏课程内容”。该节的成绩将计入总成绩中。，预期文本：截止日期到期后，若要对学员隐藏节内容，请选择该节的“设置”图标，然后选择“截止日期过后隐藏课程内容”。该节的成绩将计入总成绩中。
2018-09-25 16:06:36,710 - courseOutline - INFO - 实际文本：截止日期到期后，若要对学员隐藏节内容，请选择该节的“设置”图标，然后选择“截止日期过后隐藏课程内容”。该节的成绩将计入总成绩中。，预期文本：截止日期到期后，若要对学员隐藏节内容，请选择该节的“设置”图标，然后选择“截止日期过后隐藏课程内容”。该节的成绩将计入总成绩中。
2018-09-25 16:06:36,711 - courseOutline - INFO - 实际文本：了解更多，预期文本：了解更多
2018-09-25 16:06:36,711 - courseOutline - INFO - 实际文本：了解更多，预期文本：了解更多
2018-09-25 16:06:38,914 - Page - INFO - 关闭浏览器
